Sun May 13 20:54:21 EDT 2018  [debug] AvalonLogSystem initialized using logfile 'velocity.log'
Sun May 13 20:54:21 EDT 2018   [info] ************************************************************** 
Sun May 13 20:54:21 EDT 2018   [info] Starting Jakarta Velocity v1.4
Sun May 13 20:54:21 EDT 2018   [info] RuntimeInstance initializing.
Sun May 13 20:54:21 EDT 2018   [info] Default Properties File: org\apache\velocity\runtime\defaults\velocity.properties
Sun May 13 20:54:21 EDT 2018   [info] Trying to use logger class org.apache.velocity.runtime.log.AvalonLogSystem
Sun May 13 20:54:21 EDT 2018   [info] Using logger class org.apache.velocity.runtime.log.AvalonLogSystem
Sun May 13 20:54:21 EDT 2018   [info] Default ResourceManager initializing. (class org.apache.velocity.runtime.resource.ResourceManagerImpl)
Sun May 13 20:54:21 EDT 2018   [info] Resource Loader Instantiated: org.apache.velocity.runtime.resource.loader.FileResourceLoader
Sun May 13 20:54:21 EDT 2018   [info] FileResourceLoader : initialization starting.
Sun May 13 20:54:21 EDT 2018   [info] FileResourceLoader : adding path '.'
Sun May 13 20:54:21 EDT 2018   [info] FileResourceLoader : initialization complete.
Sun May 13 20:54:21 EDT 2018   [info] ResourceCache : initialized. (class org.apache.velocity.runtime.resource.ResourceCacheImpl)
Sun May 13 20:54:21 EDT 2018   [info] Default ResourceManager initialization complete.
Sun May 13 20:54:21 EDT 2018   [info] Loaded System Directive: org.apache.velocity.runtime.directive.Literal
Sun May 13 20:54:21 EDT 2018   [info] Loaded System Directive: org.apache.velocity.runtime.directive.Macro
Sun May 13 20:54:21 EDT 2018   [info] Loaded System Directive: org.apache.velocity.runtime.directive.Parse
Sun May 13 20:54:21 EDT 2018   [info] Loaded System Directive: org.apache.velocity.runtime.directive.Include
Sun May 13 20:54:21 EDT 2018   [info] Loaded System Directive: org.apache.velocity.runtime.directive.Foreach
Sun May 13 20:54:21 EDT 2018   [info] Created: 20 parsers.
Sun May 13 20:54:21 EDT 2018   [info] Velocimacro : initialization starting.
Sun May 13 20:54:21 EDT 2018   [info] Velocimacro : adding VMs from VM library template : VM_global_library.vm
Sun May 13 20:54:21 EDT 2018  [error] ResourceManager : unable to find resource 'VM_global_library.vm' in any resource loader.
Sun May 13 20:54:21 EDT 2018   [info] Velocimacro : error using  VM library template VM_global_library.vm : org.apache.velocity.exception.ResourceNotFoundException: Unable to find resource 'VM_global_library.vm'
Sun May 13 20:54:21 EDT 2018   [info] Velocimacro :  VM library template macro registration complete.
Sun May 13 20:54:21 EDT 2018   [info] Velocimacro : allowInline = true : VMs can be defined inline in templates
Sun May 13 20:54:21 EDT 2018   [info] Velocimacro : allowInlineToOverride = false : VMs defined inline may NOT replace previous VM definitions
Sun May 13 20:54:21 EDT 2018   [info] Velocimacro : allowInlineLocal = false : VMs defined inline will be  global in scope if allowed.
Sun May 13 20:54:21 EDT 2018   [info] Velocimacro : messages on  : VM system will output logging messages
Sun May 13 20:54:21 EDT 2018   [info] Velocimacro : autoload off  : VM system will not automatically reload global library macros
Sun May 13 20:54:21 EDT 2018   [info] Velocimacro : initialization complete.
Sun May 13 20:54:21 EDT 2018   [info] Velocity successfully started.
Sun May 13 20:54:21 EDT 2018   [info] Velocimacro : added new VM : #writeTable( productList ) : source = ./src/macro_html.vm
Sun May 13 20:54:21 EDT 2018  [error] Parser Exception: ./src/macro_html.vm : org.apache.velocity.runtime.parser.ParseException: Encountered "==" at line 19, column 17.
Was expecting:
    "=" ...
    
	at org.apache.velocity.runtime.parser.Parser.generateParseException(Parser.java:3271)
	at org.apache.velocity.runtime.parser.Parser.jj_consume_token(Parser.java:3155)
	at org.apache.velocity.runtime.parser.Parser.SetDirective(Parser.java:1591)
	at org.apache.velocity.runtime.parser.Parser.Statement(Parser.java:310)
	at org.apache.velocity.runtime.parser.Parser.process(Parser.java:258)
	at org.apache.velocity.runtime.parser.Parser.parse(Parser.java:104)
	at org.apache.velocity.runtime.RuntimeInstance.parse(RuntimeInstance.java:776)
	at org.apache.velocity.runtime.RuntimeInstance.parse(RuntimeInstance.java:720)
	at org.apache.velocity.Template.process(Template.java:123)
	at org.apache.velocity.runtime.resource.ResourceManagerImpl.loadResource(ResourceManagerImpl.java:423)
	at org.apache.velocity.runtime.resource.ResourceManagerImpl.getResource(ResourceManagerImpl.java:341)
	at org.apache.velocity.runtime.RuntimeInstance.getTemplate(RuntimeInstance.java:831)
	at org.apache.velocity.runtime.RuntimeInstance.getTemplate(RuntimeInstance.java:813)
	at org.apache.velocity.runtime.RuntimeSingleton.getTemplate(RuntimeSingleton.java:285)
	at org.apache.velocity.app.Velocity.getTemplate(Velocity.java:469)
	at VMMacro.main(VMMacro.java:12)

Sun May 13 20:54:21 EDT 2018  [error] ResourceManager.getResource() parse exception: org.apache.velocity.exception.ParseErrorException: Encountered "==" at line 19, column 17.
Was expecting:
    "=" ...
    
